<?xml version="1.0" encoding="UTF-8"?>
<!-- Generated by org.testng.reporters.JUnitXMLReporter -->
<testsuite hostname="ws-def94e26-89a3-4368-a18e-9cbb13a88802" failures="1" tests="6" name="Test2" time="29.561" errors="0" timestamp="31 Aug 2021 19:07:31 GMT">
  <testcase classname="com.lambdatest.Tests.ParallelTest" name="test" time="3.409"/>
  <testcase classname="com.lambdatest.Tests.ParallelTest" name="test01" time="9.068"/>
  <testcase classname="com.lambdatest.Tests.ParallelTest" name="test02" time="3.98"/>
  <testcase classname="com.lambdatest.Tests.ParallelTest" name="test03" time="3.924"/>
  <testcase classname="com.lambdatest.Tests.ParallelTest" name="test04" time="0.53">
    <failure type="org.openqa.selenium.interactions.MoveTargetOutOfBoundsException" message="(951, 1023) is out of bounds of viewport width (1920) and height (1005)
Build info: version: &amp;apos;3.13.0&amp;apos;, revision: &amp;apos;2f0d292&amp;apos;, time: &amp;apos;2018-06-25T15:24:21.231Z&amp;apos;
System info: host: &amp;apos;ws-def94e26-89a3-4368-a18e-9cbb13a88802&amp;apos;, ip: &amp;apos;10.44.5.119&amp;apos;, os.name: &amp;apos;Linux&amp;apos;, os.arch: &amp;apos;amd64&amp;apos;, os.version: &amp;apos;5.4.0-1046-gke&amp;apos;, java.version: &amp;apos;11.0.12&amp;apos;
Driver info: org.openqa.selenium.remote.RemoteWebDriver
Capabilities {acceptInsecureCerts: true, browserName: firefox, browserVersion: 73.0.1, javascriptEnabled: true, moz:accessibilityChecks: false, moz:buildID: 20200217142647, moz:geckodriverVersion: 0.26.0, moz:headless: false, moz:processID: 952, moz:profile: C:\Users\ltuser\AppData\Loc..., moz:shutdownTimeout: 60000, moz:useNonSpecCompliantPointerOrigin: false, moz:webdriverClick: true, pageLoadStrategy: normal, platform: WINDOWS, platformName: WINDOWS, platformVersion: 10.0, rotatable: false, setWindowRect: true, strictFileInteractability: false, timeouts: {implicit: 0, pageLoad: 300000, script: 30000}, unhandledPromptBehavior: dismiss and notify, webdriver.remote.sessionid: d51fa4f5-8096-4d43-8e37-c0e...}
Session ID: d51fa4f5-8096-4d43-8e37-c0ec0a8e1c5c">
      <![CDATA[org.openqa.selenium.interactions.MoveTargetOutOfBoundsException: (951, 1023) is out of bounds of viewport width (1920) and height (1005)
Build info: version: '3.13.0', revision: '2f0d292', time: '2018-06-25T15:24:21.231Z'
System info: host: 'ws-def94e26-89a3-4368-a18e-9cbb13a88802', ip: '10.44.5.119', os.name: 'Linux', os.arch: 'amd64', os.version: '5.4.0-1046-gke', java.version: '11.0.12'
Driver info: org.openqa.selenium.remote.RemoteWebDriver
Capabilities {acceptInsecureCerts: true, browserName: firefox, browserVersion: 73.0.1, javascriptEnabled: true, moz:accessibilityChecks: false, moz:buildID: 20200217142647, moz:geckodriverVersion: 0.26.0, moz:headless: false, moz:processID: 952, moz:profile: C:\Users\ltuser\AppData\Loc..., moz:shutdownTimeout: 60000, moz:useNonSpecCompliantPointerOrigin: false, moz:webdriverClick: true, pageLoadStrategy: normal, platform: WINDOWS, platformName: WINDOWS, platformVersion: 10.0, rotatable: false, setWindowRect: true, strictFileInteractability: false, timeouts: {implicit: 0, pageLoad: 300000, script: 30000}, unhandledPromptBehavior: dismiss and notify, webdriver.remote.sessionid: d51fa4f5-8096-4d43-8e37-c0e...}
Session ID: d51fa4f5-8096-4d43-8e37-c0ec0a8e1c5c
	at org.openqa.selenium.remote.http.W3CHttpResponseCodec.createException(W3CHttpResponseCodec.java:187)
	at org.openqa.selenium.remote.http.W3CHttpResponseCodec.decode(W3CHttpResponseCodec.java:122)
	at org.openqa.selenium.remote.http.W3CHttpResponseCodec.decode(W3CHttpResponseCodec.java:49)
	at org.openqa.selenium.remote.HttpCommandExecutor.execute(HttpCommandExecutor.java:158)
	at org.openqa.selenium.remote.RemoteWebDriver.execute(RemoteWebDriver.java:548)
	at org.openqa.selenium.remote.RemoteWebDriver.perform(RemoteWebDriver.java:614)
	at org.openqa.selenium.interactions.Actions$BuiltAction.perform(Actions.java:638)
	at com.lambdatest.Tests.ParallelTest.test04(ParallelTest.java:236)
	at java.base/java.util.concurrent.FutureTask.run(FutureTask.java:264)
	at java.base/java.util.concurrent.ThreadPoolExecutor.runWorker(ThreadPoolExecutor.java:1128)
	at java.base/java.util.concurrent.ThreadPoolExecutor$Worker.run(ThreadPoolExecutor.java:628)
	at java.base/java.lang.Thread.run(Thread.java:829)
... Removed 20 stack frames]]>
    </failure>
  </testcase> <!-- test04 -->
  <testcase classname="com.lambdatest.Tests.ParallelTest" name="test05" time="0.001"/>
</testsuite> <!-- Test2 -->
